Start testing: Oct 06 09:59 EDT
----------------------------------------------------------
1/1 Testing: First.FirstTest
1/1 Test: First.FirstTest
Command: "/Users/dustin/Desktop/Programming/C++ Programming/BrowserEngineInternals/cmake-build-debug/test_" "--gtest_filter=First.FirstTest" "--gtest_also_run_disabled_tests"
Directory: /Users/dustin/Desktop/Programming/C++ Programming/BrowserEngineInternals/cmake-build-debug
"First.FirstTest" start time: Oct 06 09:59 EDT
Output:
----------------------------------------------------------
Running main() from /Users/dustin/Desktop/Programming/C++ Programming/BrowserEngineInternals/cmake-build-debug/_deps/googletest-src/googletest/src/gtest_main.cc
Note: Google Test filter = First.FirstTest
[==========] Running 1 test from 1 test suite.
[----------] Global test environment set-up.
[----------] 1 test from First
[ RUN      ] First.FirstTest
[       OK ] First.FirstTest (0 ms)
[----------] 1 test from First (0 ms total)

[----------] Global test environment tear-down
[==========] 1 test from 1 test suite ran. (0 ms total)
[  PASSED  ] 1 test.
<end of output>
Test time =   0.07 sec
----------------------------------------------------------
Test Passed.
"First.FirstTest" end time: Oct 06 09:59 EDT
"First.FirstTest" time elapsed: 00:00:00
----------------------------------------------------------

End testing: Oct 06 09:59 EDT
