Start testing: Oct 10 21:54 EDT
----------------------------------------------------------
1/1 Testing: DOM.ConstructorTest
1/1 Test: DOM.ConstructorTest
Command: "/Users/dustin/Desktop/Programming/C++ Programming/BrowserEngineInternals/cmake-build-debug/test_" "--gtest_filter=DOM.ConstructorTest" "--gtest_also_run_disabled_tests"
Directory: /Users/dustin/Desktop/Programming/C++ Programming/BrowserEngineInternals/cmake-build-debug
"DOM.ConstructorTest" start time: Oct 10 21:54 EDT
Output:
----------------------------------------------------------
Running main() from /Users/dustin/Desktop/Programming/C++ Programming/BrowserEngineInternals/cmake-build-debug/_deps/googletest-src/googletest/src/gtest_main.cc
Note: Google Test filter = DOM.ConstructorTest
[==========] Running 1 test from 1 test suite.
[----------] Global test environment set-up.
[----------] 1 test from DOM
[ RUN      ] DOM.ConstructorTest
<div id="main" class="test">
  <p>
    Hello
    <em>
      world
    </em>
    !
  </p>
</div>[       OK ] DOM.ConstructorTest (0 ms)
[----------] 1 test from DOM (0 ms total)

[----------] Global test environment tear-down
[==========] 1 test from 1 test suite ran. (0 ms total)
[  PASSED  ] 1 test.
<end of output>
Test time =   0.01 sec
----------------------------------------------------------
Test Passed.
"DOM.ConstructorTest" end time: Oct 10 21:54 EDT
"DOM.ConstructorTest" time elapsed: 00:00:00
----------------------------------------------------------

End testing: Oct 10 21:54 EDT
